Arguments: 
  /home/rajatsharma/n/bin/node /home/rajatsharma/.yarn/bin/yarn.js

PATH: 
  /home/rajatsharma/.yarn/bin:/home/rajatsharma/.rbenv/bin:/usr/local/sbin:/usr/local/bin:/usr/sbin:/usr/bin:/sbin:/bin:/usr/games:/usr/local/games:/snap/bin:/usr/lib/jvm/java-8-oracle/bin:/usr/lib/jvm/java-8-oracle/db/bin:/usr/lib/jvm/java-8-oracle/jre/bin:/home/rajatsharma/n/bin

Yarn version: 
  1.3.2

Node version: 
  9.3.0

Platform: 
  linux x64

npm manifest: 
  {
    "name": "@elementary/components",
    "version": "0.1.4",
    "description": "Components you can use ruthlessly in your everyday React Projects.",
    "main": "dist/main.js",
    "scripts": {
      "start": "webpack-dev-server",
      "build": "ENV=prod node build.js",
      "storybook": "start-storybook -p 6006",
      "build-storybook": "build-storybook"
    },
    "files": [
      "dist"
    ],
    "keywords": [
      "react",
      "styled-components",
      "grid",
      "flexbox",
      "layout",
      "css"
    ],
    "author": "Rajat Sharma",
    "license": "MIT",
    "devDependencies": {
      "@elementary/build": "^1.0.3",
      "lerna": "^2.5.1",
      "react": "^16.2.0",
      "rimraf": "^2.6.2",
      "webpack": "3.3.0",
      "webpack-dev-server": "^2.9.1",
      "@storybook/react": "^3.2.19",
      "@storybook/addon-actions": "^3.2.19",
      "@storybook/addon-links": "^3.2.19"
    },
    "dependencies": {
      "prop-types": "^15.6.0",
      "styled-components": "^2.2.0",
      "styled-system": "^1.0.2",
      "tag-hoc": "^1.0.0"
    }
  }

yarn manifest: 
  No manifest

Lockfile: 
  No lockfile

Trace: 
  Error: https://registry.yarnpkg.com/@elementary%2fbuild: Not found
      at Request.params.callback [as _callback] (/home/rajatsharma/.yarn/lib/cli.js:62098:18)
      at Request.self.callback (/home/rajatsharma/.yarn/lib/cli.js:123085:22)
      at Request.emit (events.js:159:13)
      at Request.<anonymous> (/home/rajatsharma/.yarn/lib/cli.js:124068:10)
      at Request.emit (events.js:159:13)
      at IncomingMessage.<anonymous> (/home/rajatsharma/.yarn/lib/cli.js:123988:12)
      at Object.onceWrapper (events.js:254:19)
      at IncomingMessage.emit (events.js:164:20)
      at endReadableNT (_stream_readable.js:1062:12)
      at process._tickCallback (internal/process/next_tick.js:152:19)
